Match 2.0 (Lisiecki and Lisiecki, 2002) 

---Configuration---
nomatch 2000
speedchange 120
speedpenalty 120
gappenalty 400
gapsizemultiplier 0.983789
tiepenalty 6000
reversetiepenalty 0
begin1 0.05
end1 49.4
numintervals1 300
begin2 0.05
end2 48.6
numintervals2 300
tiefile example.tie
#series1gaps is not set.
#series2gaps is not set.
matchfile example.match
#matrixfile is not set.
logfile example.log
series1 r929d.txt m929d.txt
series2 r929a.txt m929a.txt
speeds 3:1 5:2 2:1 5:3 3:2 4:3 5:4 1:1 4:5 3:4 2:3 3:5 1:2 2:5 1:3
targetspeed 1:1

